<?xml version="1.0" encoding="UTF-8"?>
<testng-results skipped="0" failed="0" total="2" passed="2">
  <reporter-output>
  </reporter-output>
  <suite name="Suite" duration-ms="21032" started-at="2017-07-11T13:11:08Z" finished-at="2017-07-11T13:11:29Z">
    <groups>
    </groups>
    <test name="Validating User login" duration-ms="21032" started-at="2017-07-11T13:11:08Z" finished-at="2017-07-11T13:11:29Z">
      <class name="Academy.HomePage">
        <test-method status="PASS" signature="initialize()[pri:0, instance:Academy.HomePage@1a677343]" name="initialize" is-config="true" duration-ms="5032" started-at="2017-07-11T18:41:08Z" finished-at="2017-07-11T18:41:13Z">
          <reporter-output>
          </reporter-output>
        </test-method> <!-- initialize -->
        <test-method status="PASS" signature="basePageNavigation(java.lang.String, java.lang.String)[pri:0, instance:Academy.HomePage@1a677343]" name="basePageNavigation" duration-ms="13529" started-at="2017-07-11T18:41:13Z" data-provider="getData" finished-at="2017-07-11T18:41:26Z">
          <params>
            <param index="0">
              <value>
                <![CDATA[ANNRENNER]]>
              </value>
            </param>
            <param index="1">
              <value>
                <![CDATA[ANNR]]>
              </value>
            </param>
          </params>
          <reporter-output>
          </reporter-output>
        </test-method> <!-- basePageNavigation -->
        <test-method status="PASS" signature="validateAppTitle()[pri:0, instance:Academy.HomePage@1a677343]" name="validateAppTitle" duration-ms="118" started-at="2017-07-11T18:41:26Z" finished-at="2017-07-11T18:41:26Z">
          <reporter-output>
          </reporter-output>
        </test-method> <!-- validateAppTitle -->
        <test-method status="PASS" signature="teardown()[pri:0, instance:Academy.HomePage@1a677343]" name="teardown" is-config="true" duration-ms="2309" started-at="2017-07-11T18:41:26Z" finished-at="2017-07-11T18:41:29Z">
          <reporter-output>
          </reporter-output>
        </test-method> <!-- teardown -->
      </class> <!-- Academy.HomePage -->
    </test> <!-- Validating User login -->
  </suite> <!-- Suite -->
</testng-results>
