<?xml version="1.0" encoding="UTF-8"?>
<!-- Generated by org.testng.reporters.JUnitXMLReporter -->
<testsuite hostname="PUN-PREMG" ignored="0" name="Validating User login" tests="1" failures="1" timestamp="10 Jul 2017 11:25:42 GMT" time="6.037" errors="0">
  <testcase name="basePageNavigation" time="0.056" classname="Academy.HomePage">
    <failure type="org.testng.internal.reflect.MethodMatcherException" message="
Data provider mismatch
Method: basePageNavigation([Parameter{index=0, type=java.lang.String, declaredAnnotations=[]}, Parameter{index=1, type=java.lang.String, declaredAnnotations=[]}, Parameter{index=2, type=java.lang.String, declaredAnnotations=[]}])
Arguments: [(java.lang.String)ANNRENNER,(java.lang.String)ANNR]">
      <![CDATA[org.testng.internal.reflect.MethodMatcherException: 
Data provider mismatch
Method: basePageNavigation([Parameter{index=0, type=java.lang.String, declaredAnnotations=[]}, Parameter{index=1, type=java.lang.String, declaredAnnotations=[]}, Parameter{index=2, type=java.lang.String, declaredAnnotations=[]}])
Arguments: [(java.lang.String)ANNRENNER,(java.lang.String)ANNR]
... Removed 20 stack frames]]>
    </failure>
  </testcase> <!-- basePageNavigation -->
</testsuite> <!-- Validating User login -->
