<?xml version="1.0" encoding="UTF-8"?>
<testng-results skipped="0" failed="0" ignored="0" total="1" passed="1">
  <reporter-output>
  </reporter-output>
  <suite name="Default suite" duration-ms="47977" started-at="2017-07-11T10:51:42Z" finished-at="2017-07-11T10:52:30Z">
    <groups>
    </groups>
    <test name="Default test" duration-ms="47977" started-at="2017-07-11T10:51:42Z" finished-at="2017-07-11T10:52:30Z">
      <class name="Academy.HomePage">
        <test-method status="PASS" signature="initialize()[pri:0, instance:Academy.HomePage@2f465398]" name="initialize" is-config="true" duration-ms="16584" started-at="2017-07-11T16:21:42Z" finished-at="2017-07-11T16:21:59Z">
          <reporter-output>
          </reporter-output>
        </test-method> <!-- initialize -->
        <test-method status="PASS" signature="basePageNavigation(java.lang.String, java.lang.String)[pri:0, instance:Academy.HomePage@2f465398]" name="basePageNavigation" duration-ms="31078" started-at="2017-07-11T16:21:59Z" data-provider="getData" finished-at="2017-07-11T16:22:30Z">
          <params>
            <param index="0">
              <value>
                <![CDATA[ANNRENNER]]>
              </value>
            </param>
            <param index="1">
              <value>
                <![CDATA[ANNR]]>
              </value>
            </param>
          </params>
          <reporter-output>
          </reporter-output>
        </test-method> <!-- basePageNavigation -->
        <test-method status="PASS" signature="teardown()[pri:0, instance:Academy.HomePage@2f465398]" name="teardown" is-config="true" duration-ms="224" started-at="2017-07-11T16:22:30Z" finished-at="2017-07-11T16:22:30Z">
          <reporter-output>
          </reporter-output>
        </test-method> <!-- teardown -->
      </class> <!-- Academy.HomePage -->
    </test> <!-- Default test -->
  </suite> <!-- Default suite -->
</testng-results>
