<?xml version="1.0" encoding="UTF-8"?>
<!-- Generated by org.testng.reporters.JUnitXMLReporter -->
<testsuite hostname="PUN-PREMG" name="Validating title in the Page" tests="1" failures="1" timestamp="11 Jul 2017 13:09:45 GMT" time="8.555" errors="0">
  <testcase name="validateAppTitle" time="0.041" classname="Academy.validateTitle">
    <failure type="java.lang.AssertionError" message="expected [Search For Your Flight] but found [Secure Login]">
      <![CDATA[java.lang.AssertionError: expected [Search For Your Flight] but found [Secure Login]
	at Academy.validateTitle.validateAppTitle(validateTitle.java:41)
	at org.apache.maven.surefire.testng.TestNGExecutor.run(TestNGExecutor.java:283)
	at org.apache.maven.surefire.testng.TestNGXmlTestSuite.execute(TestNGXmlTestSuite.java:75)
	at org.apache.maven.surefire.testng.TestNGProvider.invoke(TestNGProvider.java:120)
	at org.apache.maven.surefire.booter.ForkedBooter.invokeProviderInSameClassLoader(ForkedBooter.java:386)
	at org.apache.maven.surefire.booter.ForkedBooter.runSuitesInProcess(ForkedBooter.java:323)
	at org.apache.maven.surefire.booter.ForkedBooter.main(ForkedBooter.java:143)
... Removed 26 stack frames]]>
    </failure>
  </testcase> <!-- validateAppTitle -->
</testsuite> <!-- Validating title in the Page -->
